2025-08-02 13:04:06,482 - __main__ - INFO - === Starting Scraper ===
2025-08-02 13:04:06,482 - __main__ - INFO - Scraping channel: https://t.me/s/V2RAYROZ
2025-08-02 13:04:06,988 - __main__ - INFO - Found 9 config(s) from https://t.me/s/V2RAYROZ
2025-08-02 13:04:08,991 - __main__ - INFO - Scraping channel: https://t.me/s/v2rayngvpn
2025-08-02 13:04:09,538 - __main__ - INFO - Found 15 config(s) from https://t.me/s/v2rayngvpn
2025-08-02 13:04:11,541 - __main__ - INFO - Scraping channel: https://t.me/s/V2ray_Alpha
2025-08-02 13:04:11,941 - __main__ - INFO - Found 0 config(s) from https://t.me/s/V2ray_Alpha
2025-08-02 13:04:13,987 - __main__ - INFO - Preparing to send 24 new config(s)
2025-08-02 13:04:14,560 - httpx - INFO - HTTP Request: POST https://api.telegram.org/bot8316746677:AAGRpLQwYrXAQnDymovAF3moMSkQMk7GN8E/sendMessage "HTTP/1.1 200 OK"
2025-08-02 13:04:16,063 - __main__ - INFO - Config sent successfully: vmess://eyJhZGQiOiIxNzIuNjYuNDAuOTkiLCJhaWQiOiIwIi...
2025-08-02 13:04:16,217 - httpx - INFO - HTTP Request: POST https://api.telegram.org/bot8316746677:AAGRpLQwYrXAQnDymovAF3moMSkQMk7GN8E/sendMessage "HTTP/1.1 200 OK"
2025-08-02 13:04:17,720 - __main__ - INFO - Config sent successfully: vless://9c942b13-72da-45e4-bdbe-0598679209c5@www.s...
2025-08-02 13:04:17,877 - httpx - INFO - HTTP Request: POST https://api.telegram.org/bot8316746677:AAGRpLQwYrXAQnDymovAF3moMSkQMk7GN8E/sendMessage "HTTP/1.1 200 OK"
2025-08-02 13:04:19,379 - __main__ - INFO - Config sent successfully: vless://e9979910-79d1-4621-a93c-b2a579c44ba7@104.1...
2025-08-02 13:04:19,555 - httpx - INFO - HTTP Request: POST https://api.telegram.org/bot8316746677:AAGRpLQwYrXAQnDymovAF3moMSkQMk7GN8E/sendMessage "HTTP/1.1 200 OK"
2025-08-02 13:04:21,058 - __main__ - INFO - Config sent successfully: vless://30f2d443-af46-4dd6-83c9-b5e17299ebd2@104.2...
2025-08-02 13:04:21,214 - httpx - INFO - HTTP Request: POST https://api.telegram.org/bot8316746677:AAGRpLQwYrXAQnDymovAF3moMSkQMk7GN8E/sendMessage "HTTP/1.1 200 OK"
2025-08-02 13:04:22,716 - __main__ - INFO - Config sent successfully: vless://Parsashonam-294@185.146.173.39:8880?path=%...
2025-08-02 13:04:22,889 - httpx - INFO - HTTP Request: POST https://api.telegram.org/bot8316746677:AAGRpLQwYrXAQnDymovAF3moMSkQMk7GN8E/sendMessage "HTTP/1.1 200 OK"
2025-08-02 13:04:24,392 - __main__ - INFO - Config sent successfully: vless://dc9a231a-bb20-45a1-9b56-78607c0db0a9@cert....
2025-08-02 13:04:24,544 - httpx - INFO - HTTP Request: POST https://api.telegram.org/bot8316746677:AAGRpLQwYrXAQnDymovAF3moMSkQMk7GN8E/sendMessage "HTTP/1.1 200 OK"
2025-08-02 13:04:26,047 - __main__ - INFO - Config sent successfully: vless://e9979910-79d1-4621-a93c-b2a579c44ba7@104.1...
2025-08-02 13:04:26,209 - httpx - INFO - HTTP Request: POST https://api.telegram.org/bot8316746677:AAGRpLQwYrXAQnDymovAF3moMSkQMk7GN8E/sendMessage "HTTP/1.1 200 OK"
2025-08-02 13:04:27,712 - __main__ - INFO - Config sent successfully: vless://aaaaaaa1-bbbb-4ccc-accc-eeeeeeeeeee1@freex...
2025-08-02 13:04:27,865 - httpx - INFO - HTTP Request: POST https://api.telegram.org/bot8316746677:AAGRpLQwYrXAQnDymovAF3moMSkQMk7GN8E/sendMessage "HTTP/1.1 200 OK"
2025-08-02 13:04:29,368 - __main__ - INFO - Config sent successfully: vless://43c09ea2-72de-4b63-8da4-d5d4be7819ad@senat...
2025-08-02 13:04:29,537 - httpx - INFO - HTTP Request: POST https://api.telegram.org/bot8316746677:AAGRpLQwYrXAQnDymovAF3moMSkQMk7GN8E/sendMessage "HTTP/1.1 200 OK"
2025-08-02 13:04:31,040 - __main__ - INFO - Config sent successfully: vless://Parsashonam-294@[2a01:4f8:1c1a:dc2b::1]:88...
2025-08-02 13:04:31,190 - httpx - INFO - HTTP Request: POST https://api.telegram.org/bot8316746677:AAGRpLQwYrXAQnDymovAF3moMSkQMk7GN8E/sendMessage "HTTP/1.1 200 OK"
2025-08-02 13:04:32,693 - __main__ - INFO - Config sent successfully: vless://d06efcca-2f6a-4698-ae17-c3f3d9491dc5@www.s...
2025-08-02 13:04:32,887 - httpx - INFO - HTTP Request: POST https://api.telegram.org/bot8316746677:AAGRpLQwYrXAQnDymovAF3moMSkQMk7GN8E/sendMessage "HTTP/1.1 200 OK"
2025-08-02 13:04:34,390 - __main__ - INFO - Config sent successfully: vless://t%65l%65g%72%61m-%69d-%41%72f%69lt%65%72@1...
2025-08-02 13:04:34,580 - httpx - INFO - HTTP Request: POST https://api.telegram.org/bot8316746677:AAGRpLQwYrXAQnDymovAF3moMSkQMk7GN8E/sendMessage "HTTP/1.1 200 OK"
2025-08-02 13:04:36,083 - __main__ - INFO - Config sent successfully: vless://f161660b-0377-41e7-fde8-80699367b518@www.s...
2025-08-02 13:04:36,263 - httpx - INFO - HTTP Request: POST https://api.telegram.org/bot8316746677:AAGRpLQwYrXAQnDymovAF3moMSkQMk7GN8E/sendMessage "HTTP/1.1 200 OK"
2025-08-02 13:04:37,766 - __main__ - INFO - Config sent successfully: vless://863b3a17-bb45-493b-ad98-898b490e540c@45.13...
2025-08-02 13:04:37,932 - httpx - INFO - HTTP Request: POST https://api.telegram.org/bot8316746677:AAGRpLQwYrXAQnDymovAF3moMSkQMk7GN8E/sendMessage "HTTP/1.1 200 OK"
2025-08-02 13:04:39,435 - __main__ - INFO - Config sent successfully: vless://30f2d443-af46-4dd6-83c9-b5e17299ebd2@104.2...
2025-08-02 13:04:39,703 - httpx - INFO - HTTP Request: POST https://api.telegram.org/bot8316746677:AAGRpLQwYrXAQnDymovAF3moMSkQMk7GN8E/sendMessage "HTTP/1.1 200 OK"
2025-08-02 13:04:41,205 - __main__ - INFO - Config sent successfully: vless://e9979910-79d1-4621-a93c-b2a579c44ba7@104.1...
2025-08-02 13:04:41,380 - httpx - INFO - HTTP Request: POST https://api.telegram.org/bot8316746677:AAGRpLQwYrXAQnDymovAF3moMSkQMk7GN8E/sendMessage "HTTP/1.1 200 OK"
2025-08-02 13:04:42,883 - __main__ - INFO - Config sent successfully: vless://198d69fe-0837-4c88-a352-a5b93fecde5c@31.41...
2025-08-02 13:04:43,045 - httpx - INFO - HTTP Request: POST https://api.telegram.org/bot8316746677:AAGRpLQwYrXAQnDymovAF3moMSkQMk7GN8E/sendMessage "HTTP/1.1 200 OK"
2025-08-02 13:04:44,548 - __main__ - INFO - Config sent successfully: vless://30f2d443-af46-4dd6-83c9-b5e17299ebd2@104.1...
2025-08-02 13:04:44,735 - httpx - INFO - HTTP Request: POST https://api.telegram.org/bot8316746677:AAGRpLQwYrXAQnDymovAF3moMSkQMk7GN8E/sendMessage "HTTP/1.1 200 OK"
2025-08-02 13:04:46,238 - __main__ - INFO - Config sent successfully: vless://16e55e1a-6152-4d92-a422-31490e8ef563@154.2...
2025-08-02 13:04:46,449 - httpx - INFO - HTTP Request: POST https://api.telegram.org/bot8316746677:AAGRpLQwYrXAQnDymovAF3moMSkQMk7GN8E/sendMessage "HTTP/1.1 200 OK"
2025-08-02 13:04:47,951 - __main__ - INFO - Config sent successfully: vless://30f2d443-af46-4dd6-83c9-b5e17299ebd2@104.1...
2025-08-02 13:04:48,065 - httpx - INFO - HTTP Request: POST https://api.telegram.org/bot8316746677:AAGRpLQwYrXAQnDymovAF3moMSkQMk7GN8E/sendMessage "HTTP/1.1 429 Too Many Requests"
2025-08-02 13:04:48,066 - __main__ - ERROR - Failed to send config vless://198d69fe-0837-4c88-a35...: Flood control exceeded. Retry in 27 seconds
2025-08-02 13:04:53,436 - httpx - INFO - HTTP Request: POST https://api.telegram.org/bot8316746677:AAGRpLQwYrXAQnDymovAF3moMSkQMk7GN8E/sendMessage "HTTP/1.1 429 Too Many Requests"
2025-08-02 13:04:53,437 - __main__ - ERROR - Failed to send config vless://e66beedb-dd44-47f0-baf...: Flood control exceeded. Retry in 21 seconds
2025-08-02 13:04:58,723 - httpx - INFO - HTTP Request: POST https://api.telegram.org/bot8316746677:AAGRpLQwYrXAQnDymovAF3moMSkQMk7GN8E/sendMessage "HTTP/1.1 429 Too Many Requests"
2025-08-02 13:04:58,724 - __main__ - ERROR - Failed to send config vless://4d93065e-cc82-499d-a78...: Flood control exceeded. Retry in 16 seconds
2025-08-02 13:05:04,010 - httpx - INFO - HTTP Request: POST https://api.telegram.org/bot8316746677:AAGRpLQwYrXAQnDymovAF3moMSkQMk7GN8E/sendMessage "HTTP/1.1 429 Too Many Requests"
2025-08-02 13:05:04,010 - __main__ - ERROR - Failed to send config ss://Y2hhY2hhMjAtaWV0Zi1wb2x5M...: Flood control exceeded. Retry in 11 seconds
2025-08-02 13:05:09,015 - __main__ - INFO - Finished in 62.53 seconds
